epoch,acc,loss,val_acc,val_loss
0,0.3342854157274447,1.7636449188269094,0.35330175538021863,1.918330375980155
1,0.42920338569838384,1.5259309782827903,0.4573697408582879,1.4574305637861302
2,0.47037514368420363,1.412634672808495,0.3904987461771531,1.8151572750750011
3,0.49764882092827345,1.3376367324704665,0.5260518250541124,1.278429997103498
4,0.5137761677564251,1.286858778902761,0.5225689607215944,1.2853717535908555
5,0.528545055561643,1.2563009555696332,0.5243800501366385,1.2810285505759547
6,0.5359294994606186,1.2266616091143063,0.5282808581777654,1.277718652221412
7,0.5493399282454979,1.20487129594005,0.5199219838395096,1.2877554257755062
8,0.5549827580206521,1.1833397708071525,0.5484814711618835,1.2196610126033005
9,0.5648402939886171,1.165042315743893,0.5725828922037363,1.1521401639501507
10,0.5659200947443276,1.157208033484008,0.5717470047699107,1.1725547769070337
11,0.577066425163879,1.1359359322390157,0.536361103354805,1.2641775351309383
12,0.5764046117983632,1.1278178171099338,0.5658957927331316,1.1500296504027865
13,0.5824305966811526,1.1190854180481595,0.5735580941932584,1.1464716173473857
14,0.5877599359127524,1.1028298658426745,0.5788520479574281,1.1186472899935709
15,0.5900240342770422,1.0952659981693982,0.5817776539259948,1.1566192884736155
16,0.5939949144908987,1.0850525047426218,0.5834494287936459,1.0942038591275411
17,0.5967466648110211,1.0797206128298409,0.5497353023126219,1.199748037883783
18,0.6015186875216694,1.0732412601950658,0.5909724157478989,1.0951152601491843
19,0.6024591591497371,1.0684888346233672,0.6008637503482864,1.0774835593755545
20,0.6071266850158211,1.0592573389264084,0.5938980217662885,1.1049560320912115
21,0.6086941377278833,1.052694659043913,0.5923655614211188,1.110271737282573
22,0.606673865342548,1.0510956994721274,0.6069935915130664,1.062254293113075
23,0.6125953533776589,1.0400628912531515,0.6076901644078029,1.0655372700308585
24,0.6097042739221081,1.0381106510838851,0.5886040679689037,1.1139643136821906
25,0.616635898152482,1.0312572597207486,0.5971022569292865,1.063389958628508
26,0.6171235501072766,1.0251347361871943,0.6036500418026755,1.0846075746600559
27,0.6231147027075065,1.0179553034288216,0.6132627472999734,1.0603088596199972
28,0.6189696610829287,1.015155478170571,0.6122875452606285,1.0499749689522013
29,0.6225922184722286,1.0122674720456488,0.6129841181719725,1.0573752586075642
30,0.6248911491190778,1.010263035931787,0.6019782669101129,1.0808119980297104
31,0.6269462537880107,1.0027424557533977,0.599609919197548,1.0871124032746786
32,0.6311261276993002,0.9972985674293608,0.6071329061185858,1.0615025664080016
33,0.6272945766136054,1.0013682852043762,0.5909724157146837,1.1296538341075273
34,0.6264237695537709,0.9970383281958398,0.6117302870046265,1.0449804673456622
35,0.6322407607380892,0.9857602550706966,0.5867929785455559,1.129872301588752
36,0.6337733811738204,0.9879870290766025,0.6117302870212341,1.061826454477079
37,0.6346093559521335,0.9819148369246364,0.6056004458066314,1.0949811553782358
38,0.636525131496019,0.9790216929702709,0.6160490387626663,1.0310290598477385
39,0.6375700999707271,0.97471463062608,0.6076901644244105,1.0710114281501038
40,0.6357588212776344,0.9752798799960366,0.5886040680187264,1.0935345039323832
41,0.6388240621418302,0.9764798954448429,0.6239899693507941,1.0456588824136106
42,0.6438747431139923,0.9620020493842695,0.6225968236111439,1.042116796614965
43,0.6418196384409071,0.9654088378131126,0.6150738367233213,1.0581491372817138
44,0.6400780243170856,0.964828664053819,0.607968793569019,1.0685286811049783
45,0.6459995123501203,0.9593626594106631,0.599052660908331,1.0806542337023803
46,0.6438399108303947,0.9588905249881355,0.6047645583894133,1.0899923882068583
47,0.6473928036545755,0.9540639337549439,0.6251044859126206,1.0232559837780812
48,0.6455118603963639,0.9508891615205235,0.626915575352576,1.0262451404381276
49,0.6456511895266017,0.951033347157659,0.6291446085094442,1.0135207177537104
50,0.6490995854979137,0.9454403977445759,0.6179994427583184,1.037891998849695
51,0.6489602563676758,0.944489276398976,0.6168849261715805,1.0465040700985018
52,0.6482287784339268,0.944156746855765,0.6199498467539705,1.0168798638107586
53,0.6515726775617127,0.9416350561742262,0.6113123432877138,1.0617925746256875
54,0.6534187885352888,0.9370324765777608,0.6223181944997506,1.0425694616068768
55,0.6493085791953467,0.9402853715357069,0.6174421844691014,1.0489420030036654
56,0.65286147201278,0.9305139940698267,0.6152131512790179,1.0642725766851033
57,0.6510501933202063,0.9371723834239784,0.6174421844524938,1.0362448011410539
58,0.6544985892946326,0.9310641885592715,0.6320702145278337,1.0126311339419278
59,0.6570065136409909,0.927146480075493,0.6101978266926721,1.0608644005182095
60,0.6533142916865723,0.932546404828231,0.632627472850266,1.0149536967343957
61,0.6558570483165282,0.9216546375735135,0.6252438004849249,1.0265694891353543
62,0.6533839562527293,0.926017864660898,0.6093619392422389,1.0851029333845092
63,0.6567626876630747,0.9210746607738435,0.6309556979660073,1.030907695557155
64,0.658330140378251,0.9211512872337227,0.6230147673778794,1.0521103437978532
65,0.6595841025462399,0.9178260270969518,0.6309556979826149,1.0273729228614665
66,0.6588526246145671,0.9165661390798793,0.6246865421957079,1.0235392852857872
67,0.6600369222236654,0.9149621113485468,0.621482307065925,1.0392780572998055
68,0.6623706851530741,0.9150224362505429,0.6301198105155741,1.0109453222883813
69,0.6620571946079626,0.9094950485231154,0.6319308999887446,1.0149957262795428
70,0.6642864606959215,0.9076060908495718,0.6306770688047911,1.0332195749187176
71,0.6645651189543211,0.9069772526684623,0.6241292839064908,1.0328445689662913
72,0.6653662614521509,0.9047398604985926,0.6372248537529143,1.0193183392859262
73,0.6614302135260445,0.9087573653740039,0.6291446085094442,1.0163803819362485
74,0.6602807481979485,0.9114451465605361,0.6358317080298717,1.0181331543511885
75,0.6669337141704417,0.90077670343684,0.6258010588073571,1.0325938138034425
76,0.6690236511219341,0.9005444752326675,0.6292839231149637,1.02175231646216
77,0.6686404960127418,0.9004639313759036,0.6373641682753958,1.0088320808611264
78,0.6681528440600233,0.8934121873627977,0.6198105321816662,1.0674608401615795
79,0.6699989550335994,0.8917471413108439,0.6320702145444413,1.031908905864858
80,0.668640496015856,0.893624591633894,0.6274728336417931,1.0224759726844548
81,0.6695113030798429,0.8929353482737603,0.6244079130677069,1.0397201032816583
82,0.668953986555777,0.8956821022406073,0.5927835051878544,1.1280742926031608
83,0.6698596259054377,0.889596420408786,0.623711340189578,1.0177001965082466
84,0.671496743185733,0.8865638038071434,0.6248258567680121,1.0287200676494737
85,0.6730990281834689,0.8883279345473125,0.6341599331622205,1.006639152325173
86,0.6690584834065697,0.8887455304873401,0.623850654811705,1.0373330903637872
87,0.673342854158271,0.8861948492725572,0.6271942045470074,1.0384817123579162
88,0.6724372148148389,0.8888523098302072,0.6262190025076623,1.021432682527211
89,0.6712529172057405,0.8845341684236194,0.6242685985286178,1.0342108790972133
90,0.6752934619826397,0.8769459716578363,0.6170242407355809,1.0436605145985052
91,0.6743181580694173,0.8855245991175715,0.6292839231149637,1.0309102278826594
92,0.677731721760765,0.8769050373619653,0.6143772638617999,1.06906200504861
93,0.675537287959518,0.8790241864130429,0.6198105321982738,1.0351123172747254
94,0.6766170887198999,0.8772719044301522,0.6037893563998912,1.070770545768419
95,0.6775575603510818,0.8767355999281723,0.614655893023016,1.0562396675605699
96,0.6815981051279811,0.8670489194064376,0.6326274728336584,1.0245747058695158
97,0.6781148768699573,0.8731866566887129,0.6118696015437156,1.0703199509957868
98,0.6933714166310079,0.8317167317050516,0.6366675954470896,0.9854878229030696
99,0.7012086802089662,0.8176145095752778,0.6457230426136515,0.978243549958216
